<?xml version="1.0" encoding="UTF-8"?><testsuite errors="0" failures="0" name="com.gorest.testsuite.UserCRUDTest" skipped="0" tests="4" time="8.26" timestamp="2023-01-02T21:40:36.407Z[Europe/London]"><testcase classname="com.gorest.testsuite.UserCRUDTest" name="This will create a new user"/><testcase classname="com.gorest.testsuite.UserCRUDTest" name="This will verify that user was added"/><testcase classname="com.gorest.testsuite.UserCRUDTest" name="This test will Update the user information"/><testcase classname="com.gorest.testsuite.UserCRUDTest" name="This test will Delete the user by ID"/></testsuite>