<?xml version="1.0" encoding="UTF-8"?><testsuite errors="0" failures="0" name="com.gorest.testsuite.PostCRUDTest" skipped="0" tests="5" time="9.22" timestamp="2023-01-02T21:40:36.402Z[Europe/London]"><testcase classname="com.gorest.testsuite.PostCRUDTest" name="This will get all posts users"/><testcase classname="com.gorest.testsuite.PostCRUDTest" name="This test will Create a new Post"/><testcase classname="com.gorest.testsuite.PostCRUDTest" name="This will verify that post user was added"/><testcase classname="com.gorest.testsuite.PostCRUDTest" name="This test will Update the title"/><testcase classname="com.gorest.testsuite.PostCRUDTest" name="This test will Delete the post"/></testsuite>